  2       8       1 !
  3   17237    3415  
  4       4       1 !
  5    5933    1722  
  6    4961    1603  
  7    7070    2481  
  8       8       3 !
  9   25217    9992  
 10     643     267  
 11      37      16  
 12  112173   50267  
 13     227     105  
 14    2284    1087  
 15    6487    3168  
 16       2       1 !
 17    1372     701  
 18    1483     773  
 19   13149    6982  
 20    7219    3900  
 21    3905    2144  
 22   11684    6513  
 23   23279   13163  
 24    3631    2081  
 25    5933    3444  
 26    6139    3607  
 27    7519    4469  
 28   14140    8497  
 29    1021     620  
 30    1901    1166  
 31    3777    2339  
 32       8       5 !
 33    1329     838  
 34    5065    3221  
 35    4757    3050  
 36   10281    6644  
